This is pdfTeX, Version 3.141592653-2.6-1.40.26 (TeX Live 2024) (preloaded format=pdflatex 2024.8.24)  28 AUG 2024 08:25
entering extended mode
 restricted \write18 enabled.
 file:line:error style messages enabled.
 %&-line parsing enabled.
**"c:/Users/Mubarak Babslawal/OneDrive - Università degli Studi di Milano/UniMi/1-2/Machine Learning Statistics/unimi-dse-ml-final-project/report.tex"
(c:/Users/Mubarak Babslawal/OneDrive - Università degli Studi di Milano/UniMi/1-2/Machine Learning Statistics/unimi-dse-ml-final-project/report.tex
LaTeX2e <2024-06-01> patch level 2
L3 programming layer <2024-07-20>
(c:/texlive/2024/texmf-dist/tex/latex/base/article.cls
Document Class: article 2024/02/08 v1.4n Standard LaTeX document class
(c:/texlive/2024/texmf-dist/tex/latex/base/size10.clo
File: size10.clo 2024/02/08 v1.4n Standard LaTeX file (size option)
)
\c@part=\count194
\c@section=\count195
\c@subsection=\count196
\c@subsubsection=\count197
\c@paragraph=\count198
\c@subparagraph=\count199
\c@figure=\count266
\c@table=\count267
\abovecaptionskip=\skip49
\belowcaptionskip=\skip50
\bibindent=\dimen141
) (c:/texlive/2024/texmf-dist/tex/latex/amsmath/amsmath.sty
Package: amsmath 2024/05/23 v2.17q AMS math features
\@mathmargin=\skip51

For additional information on amsmath, use the `?' option.
(c:/texlive/2024/texmf-dist/tex/latex/amsmath/amstext.sty
Package: amstext 2021/08/26 v2.01 AMS text
 (c:/texlive/2024/texmf-dist/tex/latex/amsmath/amsgen.sty
File: amsgen.sty 1999/11/30 v2.0 generic functions
\@emptytoks=\toks17
\ex@=\dimen142
)) (c:/texlive/2024/texmf-dist/tex/latex/amsmath/amsbsy.sty
Package: amsbsy 1999/11/29 v1.2d Bold Symbols
\pmbraise@=\dimen143
) (c:/texlive/2024/texmf-dist/tex/latex/amsmath/amsopn.sty
Package: amsopn 2022/04/08 v2.04 operator names
)
\inf@bad=\count268
LaTeX Info: Redefining \frac on input line 233.
\uproot@=\count269
\leftroot@=\count270
LaTeX Info: Redefining \overline on input line 398.
LaTeX Info: Redefining \colon on input line 409.
\classnum@=\count271
\DOTSCASE@=\count272
LaTeX Info: Redefining \ldots on input line 495.
LaTeX Info: Redefining \dots on input line 498.
LaTeX Info: Redefining \cdots on input line 619.
\Mathstrutbox@=\box52
\strutbox@=\box53
LaTeX Info: Redefining \big on input line 721.
LaTeX Info: Redefining \Big on input line 722.
LaTeX Info: Redefining \bigg on input line 723.
LaTeX Info: Redefining \Bigg on input line 724.
\big@size=\dimen144
LaTeX Font Info:    Redeclaring font encoding OML on input line 742.
LaTeX Font Info:    Redeclaring font encoding OMS on input line 743.
\macc@depth=\count273
LaTeX Info: Redefining \bmod on input line 904.
LaTeX Info: Redefining \pmod on input line 909.
LaTeX Info: Redefining \smash on input line 939.
LaTeX Info: Redefining \relbar on input line 969.
LaTeX Info: Redefining \Relbar on input line 970.
\c@MaxMatrixCols=\count274
\dotsspace@=\muskip17
\c@parentequation=\count275
\dspbrk@lvl=\count276
\tag@help=\toks18
\row@=\count277
\column@=\count278
\maxfields@=\count279
\andhelp@=\toks19
\eqnshift@=\dimen145
\alignsep@=\dimen146
\tagshift@=\dimen147
\tagwidth@=\dimen148
\totwidth@=\dimen149
\lineht@=\dimen150
\@envbody=\toks20
\multlinegap=\skip52
\multlinetaggap=\skip53
\mathdisplay@stack=\toks21
LaTeX Info: Redefining \[ on input line 2953.
LaTeX Info: Redefining \] on input line 2954.
) (c:/texlive/2024/texmf-dist/tex/latex/amsfonts/amsfonts.sty
Package: amsfonts 2013/01/14 v3.01 Basic AMSFonts support
\symAMSa=\mathgroup4
\symAMSb=\mathgroup5
LaTeX Font Info:    Redeclaring math symbol \hbar on input line 98.
LaTeX Font Info:    Overwriting math alphabet `\mathfrak' in version `bold'
(Font)                  U/euf/m/n --> U/euf/b/n on input line 106.
) (c:/texlive/2024/texmf-dist/tex/latex/graphics/graphicx.sty
Package: graphicx 2021/09/16 v1.2d Enhanced LaTeX Graphics (DPC,SPQR)
 (c:/texlive/2024/texmf-dist/tex/latex/graphics/keyval.sty
Package: keyval 2022/05/29 v1.15 key=value parser (DPC)
\KV@toks@=\toks22
) (c:/texlive/2024/texmf-dist/tex/latex/graphics/graphics.sty
Package: graphics 2024/05/23 v1.4g Standard LaTeX Graphics (DPC,SPQR)
 (c:/texlive/2024/texmf-dist/tex/latex/graphics/trig.sty
Package: trig 2023/12/02 v1.11 sin cos tan (DPC)
) (c:/texlive/2024/texmf-dist/tex/latex/graphics-cfg/graphics.cfg
File: graphics.cfg 2016/06/04 v1.11 sample graphics configuration
)
Package graphics Info: Driver file: pdftex.def on input line 106.
 (c:/texlive/2024/texmf-dist/tex/latex/graphics-def/pdftex.def
File: pdftex.def 2024/04/13 v1.2c Graphics/color driver for pdftex
))
\Gin@req@height=\dimen151
\Gin@req@width=\dimen152
) (c:/texlive/2024/texmf-dist/tex/latex/listings/listings.sty
\lst@mode=\count280
\lst@gtempboxa=\box54
\lst@token=\toks23
\lst@length=\count281
\lst@currlwidth=\dimen153
\lst@column=\count282
\lst@pos=\count283
\lst@lostspace=\dimen154
\lst@width=\dimen155
\lst@newlines=\count284
\lst@lineno=\count285
\lst@maxwidth=\dimen156
 (c:/texlive/2024/texmf-dist/tex/latex/listings/lstpatch.sty
File: lstpatch.sty 2024/05/25 1.10b (Carsten Heinz)
) (c:/texlive/2024/texmf-dist/tex/latex/listings/lstmisc.sty
File: lstmisc.sty 2024/05/25 1.10b (Carsten Heinz)
\c@lstnumber=\count286
\lst@skipnumbers=\count287
\lst@framebox=\box55
) (c:/texlive/2024/texmf-dist/tex/latex/listings/listings.cfg
File: listings.cfg 2024/05/25 1.10b listings configuration
))
Package: listings 2024/05/25 1.10b (Carsten Heinz)
 (c:/texlive/2024/texmf-dist/tex/latex/xcolor/xcolor.sty
Package: xcolor 2023/11/15 v3.01 LaTeX color extensions (UK)
 (c:/texlive/2024/texmf-dist/tex/latex/graphics-cfg/color.cfg
File: color.cfg 2016/01/02 v1.6 sample color configuration
)
Package xcolor Info: Driver file: pdftex.def on input line 274.
 (c:/texlive/2024/texmf-dist/tex/latex/graphics/mathcolor.ltx)
Package xcolor Info: Model `cmy' substituted by `cmy0' on input line 1350.
Package xcolor Info: Model `hsb' substituted by `rgb' on input line 1354.
Package xcolor Info: Model `RGB' extended on input line 1366.
Package xcolor Info: Model `HTML' substituted by `rgb' on input line 1368.
Package xcolor Info: Model `Hsb' substituted by `hsb' on input line 1369.
Package xcolor Info: Model `tHsb' substituted by `hsb' on input line 1370.
Package xcolor Info: Model `HSB' substituted by `hsb' on input line 1371.
Package xcolor Info: Model `Gray' substituted by `gray' on input line 1372.
Package xcolor Info: Model `wave' substituted by `hsb' on input line 1373.
) (c:/texlive/2024/texmf-dist/tex/latex/l3backend/l3backend-pdftex.def
File: l3backend-pdftex.def 2024-05-08 L3 backend support: PDF output (pdfTeX)
\l__color_backend_stack_int=\count288
\l__pdf_internal_box=\box56
)
No file report.aux.
\openout1 = `report.aux'.

LaTeX Font Info:    Checking defaults for OML/cmm/m/it on input line 12.
LaTeX Font Info:    ... okay on input line 12.
LaTeX Font Info:    Checking defaults for OMS/cmsy/m/n on input line 12.
LaTeX Font Info:    ... okay on input line 12.
LaTeX Font Info:    Checking defaults for OT1/cmr/m/n on input line 12.
LaTeX Font Info:    ... okay on input line 12.
LaTeX Font Info:    Checking defaults for T1/cmr/m/n on input line 12.
LaTeX Font Info:    ... okay on input line 12.
LaTeX Font Info:    Checking defaults for TS1/cmr/m/n on input line 12.
LaTeX Font Info:    ... okay on input line 12.
LaTeX Font Info:    Checking defaults for OMX/cmex/m/n on input line 12.
LaTeX Font Info:    ... okay on input line 12.
LaTeX Font Info:    Checking defaults for U/cmr/m/n on input line 12.
LaTeX Font Info:    ... okay on input line 12.
(c:/texlive/2024/texmf-dist/tex/context/base/mkii/supp-pdf.mkii
[Loading MPS to PDF converter (version 2006.09.02).]
\scratchcounter=\count289
\scratchdimen=\dimen157
\scratchbox=\box57
\nofMPsegments=\count290
\nofMParguments=\count291
\everyMPshowfont=\toks24
\MPscratchCnt=\count292
\MPscratchDim=\dimen158
\MPnumerator=\count293
\makeMPintoPDFobject=\count294
\everyMPtoPDFconversion=\toks25
) (c:/texlive/2024/texmf-dist/tex/latex/epstopdf-pkg/epstopdf-base.sty
Package: epstopdf-base 2020-01-24 v2.11 Base part for package epstopdf
Package epstopdf-base Info: Redefining graphics rule for `.eps' on input line 485.
 (c:/texlive/2024/texmf-dist/tex/latex/latexconfig/epstopdf-sys.cfg
File: epstopdf-sys.cfg 2010/07/13 v1.3 Configuration of (r)epstopdf for TeX Live
))
\c@lstlisting=\count295


[1

{c:/texlive/2024/texmf-var/fonts/map/pdftex/updmap/pdftex.map}] (c:/texlive/2024/texmf-dist/tex/latex/listings/lstlang1.sty
File: lstlang1.sty 2024/05/25 1.10b listings language file
)
Overfull \hbox (243.00598pt too wide) in paragraph at lines 60--61
[][][][][][][][][][][][][][][][][][][][][][][][][][][][][][][][][][][][][][][][][] 
 []



[1{c:/texlive/2024/texmf-dist/fonts/enc/dvips/cm-super/cm-super-ts1.enc}]
Overfull \hbox (249.00604pt too wide) in paragraph at lines 79--80
[][][][][][][][][][][][][][][][][][][][][][][][][][][] 
 []


Overfull \hbox (45.00397pt too wide) in paragraph at lines 80--81
[][][][][][][][][][][][][][][][][][][][][][][][][][] 
 []


Overfull \hbox (273.00629pt too wide) in paragraph at lines 81--82
[][][][][][][][][][][][][][][][][][][][][][][][][][][][][][][][][][] 
 []

c:/Users/Mubarak Babslawal/OneDrive - Università degli Studi di Milano/UniMi/1-2/Machine Learning Statistics/unimi-dse-ml-final-project/report.tex:90: Missing $ inserted.
<inserted text> 
                $
l.90 ... \texttt{fit()} and \texttt{\_grow_tree()}
                                                   methods. The \texttt{fit(...
I've inserted a begin-math/end-math symbol since I think
you left one out. Proceed, with fingers crossed.

LaTeX Font Info:    Trying to load font information for U+msa on input line 90.
(c:/texlive/2024/texmf-dist/tex/latex/amsfonts/umsa.fd
File: umsa.fd 2013/01/14 v3.01 AMS symbols A
)
LaTeX Font Info:    Trying to load font information for U+msb on input line 90.
 (c:/texlive/2024/texmf-dist/tex/latex/amsfonts/umsb.fd
File: umsb.fd 2013/01/14 v3.01 AMS symbols B
)
c:/Users/Mubarak Babslawal/OneDrive - Università degli Studi di Milano/UniMi/1-2/Machine Learning Statistics/unimi-dse-ml-final-project/report.tex:90: Extra }, or forgotten $.
<recently read> \egroup 
                        
l.90 ... \texttt{fit()} and \texttt{\_grow_tree()}
                                                   methods. The \texttt{fit(...
I've deleted a group-closing symbol because it seems to be
spurious, as in `$x}$'. But perhaps the } is legitimate and
you forgot something else, as in `\hbox{$x}'. In such cases
the way to recover is to insert both the forgotten and the
deleted material, e.g., by typing `I$}'.

c:/Users/Mubarak Babslawal/OneDrive - Università degli Studi di Milano/UniMi/1-2/Machine Learning Statistics/unimi-dse-ml-final-project/report.tex:90: Missing $ inserted.
<inserted text> 
                $
l.90 ... the process, while \texttt{\_grow_tree()}
                                                   handles the recursive spl...
I've inserted a begin-math/end-math symbol since I think
you left one out. Proceed, with fingers crossed.

c:/Users/Mubarak Babslawal/OneDrive - Università degli Studi di Milano/UniMi/1-2/Machine Learning Statistics/unimi-dse-ml-final-project/report.tex:90: Extra }, or forgotten $.
\textdef@ ...th {#1}\let \f@size #2\selectfont #3}
                                                  }
l.90 ... the process, while \texttt{\_grow_tree()}
                                                   handles the recursive spl...
I've deleted a group-closing symbol because it seems to be
spurious, as in `$x}$'. But perhaps the } is legitimate and
you forgot something else, as in `\hbox{$x}'. In such cases
the way to recover is to insert both the forgotten and the
deleted material, e.g., by typing `I$}'.

c:/Users/Mubarak Babslawal/OneDrive - Università degli Studi di Milano/UniMi/1-2/Machine Learning Statistics/unimi-dse-ml-final-project/report.tex:90: Extra }, or forgotten $.
\textdef@ ...h {#1}\let \f@size #2\selectfont #3}}
                                                  
l.90 ... the process, while \texttt{\_grow_tree()}
                                                   handles the recursive spl...
I've deleted a group-closing symbol because it seems to be
spurious, as in `$x}$'. But perhaps the } is legitimate and
you forgot something else, as in `\hbox{$x}'. In such cases
the way to recover is to insert both the forgotten and the
deleted material, e.g., by typing `I$}'.

c:/Users/Mubarak Babslawal/OneDrive - Università degli Studi di Milano/UniMi/1-2/Machine Learning Statistics/unimi-dse-ml-final-project/report.tex:90: Extra }, or forgotten $.
\text@ ...e {\textdef@ \displaystyle \f@size {#1}}
                                                  {\textdef@ \textstyle \f@s...
l.90 ... the process, while \texttt{\_grow_tree()}
                                                   handles the recursive spl...
I've deleted a group-closing symbol because it seems to be
spurious, as in `$x}$'. But perhaps the } is legitimate and
you forgot something else, as in `\hbox{$x}'. In such cases
the way to recover is to insert both the forgotten and the
deleted material, e.g., by typing `I$}'.

c:/Users/Mubarak Babslawal/OneDrive - Università degli Studi di Milano/UniMi/1-2/Machine Learning Statistics/unimi-dse-ml-final-project/report.tex:90: Missing $ inserted.
<inserted text> 
                $
l.90 ... the process, while \texttt{\_grow_tree()}
                                                   handles the recursive spl...
I've inserted a begin-math/end-math symbol since I think
you left one out. Proceed, with fingers crossed.

c:/Users/Mubarak Babslawal/OneDrive - Università degli Studi di Milano/UniMi/1-2/Machine Learning Statistics/unimi-dse-ml-final-project/report.tex:90: Extra }, or forgotten $.
\textdef@ ...th {#1}\let \f@size #2\selectfont #3}
                                                  }
l.90 ... the process, while \texttt{\_grow_tree()}
                                                   handles the recursive spl...
I've deleted a group-closing symbol because it seems to be
spurious, as in `$x}$'. But perhaps the } is legitimate and
you forgot something else, as in `\hbox{$x}'. In such cases
the way to recover is to insert both the forgotten and the
deleted material, e.g., by typing `I$}'.

c:/Users/Mubarak Babslawal/OneDrive - Università degli Studi di Milano/UniMi/1-2/Machine Learning Statistics/unimi-dse-ml-final-project/report.tex:90: Extra }, or forgotten $.
\textdef@ ...h {#1}\let \f@size #2\selectfont #3}}
                                                  
l.90 ... the process, while \texttt{\_grow_tree()}
                                                   handles the recursive spl...
I've deleted a group-closing symbol because it seems to be
spurious, as in `$x}$'. But perhaps the } is legitimate and
you forgot something else, as in `\hbox{$x}'. In such cases
the way to recover is to insert both the forgotten and the
deleted material, e.g., by typing `I$}'.

c:/Users/Mubarak Babslawal/OneDrive - Università degli Studi di Milano/UniMi/1-2/Machine Learning Statistics/unimi-dse-ml-final-project/report.tex:90: Extra }, or forgotten $.
\text@ ...xtstyle \f@size {\firstchoice@false #1}}
                                                  {\textdef@ \textstyle \sf@...
l.90 ... the process, while \texttt{\_grow_tree()}
                                                   handles the recursive spl...
I've deleted a group-closing symbol because it seems to be
spurious, as in `$x}$'. But perhaps the } is legitimate and
you forgot something else, as in `\hbox{$x}'. In such cases
the way to recover is to insert both the forgotten and the
deleted material, e.g., by typing `I$}'.

c:/Users/Mubarak Babslawal/OneDrive - Università degli Studi di Milano/UniMi/1-2/Machine Learning Statistics/unimi-dse-ml-final-project/report.tex:90: Missing $ inserted.
<inserted text> 
                $
l.90 ... the process, while \texttt{\_grow_tree()}
                                                   handles the recursive spl...
I've inserted a begin-math/end-math symbol since I think
you left one out. Proceed, with fingers crossed.

c:/Users/Mubarak Babslawal/OneDrive - Università degli Studi di Milano/UniMi/1-2/Machine Learning Statistics/unimi-dse-ml-final-project/report.tex:90: Extra }, or forgotten $.
\textdef@ ...th {#1}\let \f@size #2\selectfont #3}
                                                  }
l.90 ... the process, while \texttt{\_grow_tree()}
                                                   handles the recursive spl...
I've deleted a group-closing symbol because it seems to be
spurious, as in `$x}$'. But perhaps the } is legitimate and
you forgot something else, as in `\hbox{$x}'. In such cases
the way to recover is to insert both the forgotten and the
deleted material, e.g., by typing `I$}'.

c:/Users/Mubarak Babslawal/OneDrive - Università degli Studi di Milano/UniMi/1-2/Machine Learning Statistics/unimi-dse-ml-final-project/report.tex:90: Extra }, or forgotten $.
\textdef@ ...h {#1}\let \f@size #2\selectfont #3}}
                                                  
l.90 ... the process, while \texttt{\_grow_tree()}
                                                   handles the recursive spl...
I've deleted a group-closing symbol because it seems to be
spurious, as in `$x}$'. But perhaps the } is legitimate and
you forgot something else, as in `\hbox{$x}'. In such cases
the way to recover is to insert both the forgotten and the
deleted material, e.g., by typing `I$}'.

c:/Users/Mubarak Babslawal/OneDrive - Università degli Studi di Milano/UniMi/1-2/Machine Learning Statistics/unimi-dse-ml-final-project/report.tex:90: Extra }, or forgotten $.
\text@ ...tstyle \sf@size {\firstchoice@false #1}}
                                                  {\textdef@ \textstyle \ssf...
l.90 ... the process, while \texttt{\_grow_tree()}
                                                   handles the recursive spl...
I've deleted a group-closing symbol because it seems to be
spurious, as in `$x}$'. But perhaps the } is legitimate and
you forgot something else, as in `\hbox{$x}'. In such cases
the way to recover is to insert both the forgotten and the
deleted material, e.g., by typing `I$}'.

c:/Users/Mubarak Babslawal/OneDrive - Università degli Studi di Milano/UniMi/1-2/Machine Learning Statistics/unimi-dse-ml-final-project/report.tex:90: Missing $ inserted.
<inserted text> 
                $
l.90 ... the process, while \texttt{\_grow_tree()}
                                                   handles the recursive spl...
I've inserted a begin-math/end-math symbol since I think
you left one out. Proceed, with fingers crossed.

c:/Users/Mubarak Babslawal/OneDrive - Università degli Studi di Milano/UniMi/1-2/Machine Learning Statistics/unimi-dse-ml-final-project/report.tex:90: Extra }, or forgotten $.
\textdef@ ...th {#1}\let \f@size #2\selectfont #3}
                                                  }
l.90 ... the process, while \texttt{\_grow_tree()}
                                                   handles the recursive spl...
I've deleted a group-closing symbol because it seems to be
spurious, as in `$x}$'. But perhaps the } is legitimate and
you forgot something else, as in `\hbox{$x}'. In such cases
the way to recover is to insert both the forgotten and the
deleted material, e.g., by typing `I$}'.

c:/Users/Mubarak Babslawal/OneDrive - Università degli Studi di Milano/UniMi/1-2/Machine Learning Statistics/unimi-dse-ml-final-project/report.tex:90: Extra }, or forgotten $.
\textdef@ ...h {#1}\let \f@size #2\selectfont #3}}
                                                  
l.90 ... the process, while \texttt{\_grow_tree()}
                                                   handles the recursive spl...
I've deleted a group-closing symbol because it seems to be
spurious, as in `$x}$'. But perhaps the } is legitimate and
you forgot something else, as in `\hbox{$x}'. In such cases
the way to recover is to insert both the forgotten and the
deleted material, e.g., by typing `I$}'.

c:/Users/Mubarak Babslawal/OneDrive - Università degli Studi di Milano/UniMi/1-2/Machine Learning Statistics/unimi-dse-ml-final-project/report.tex:90: Extra }, or forgotten $.
\text@ ...style \ssf@size {\firstchoice@false #1}}
                                                  \check@mathfonts }
l.90 ... the process, while \texttt{\_grow_tree()}
                                                   handles the recursive spl...
I've deleted a group-closing symbol because it seems to be
spurious, as in `$x}$'. But perhaps the } is legitimate and
you forgot something else, as in `\hbox{$x}'. In such cases
the way to recover is to insert both the forgotten and the
deleted material, e.g., by typing `I$}'.

c:/Users/Mubarak Babslawal/OneDrive - Università degli Studi di Milano/UniMi/1-2/Machine Learning Statistics/unimi-dse-ml-final-project/report.tex:90: Extra }, or forgotten $.
\text@ ...firstchoice@false #1}}\check@mathfonts }
                                                  
l.90 ... the process, while \texttt{\_grow_tree()}
                                                   handles the recursive spl...
I've deleted a group-closing symbol because it seems to be
spurious, as in `$x}$'. But perhaps the } is legitimate and
you forgot something else, as in `\hbox{$x}'. In such cases
the way to recover is to insert both the forgotten and the
deleted material, e.g., by typing `I$}'.

c:/Users/Mubarak Babslawal/OneDrive - Università degli Studi di Milano/UniMi/1-2/Machine Learning Statistics/unimi-dse-ml-final-project/report.tex:91: Missing $ inserted.
<inserted text> 
                $
l.91 
     
I've inserted a begin-math/end-math symbol since I think
you left one out. Proceed, with fingers crossed.

c:/Users/Mubarak Babslawal/OneDrive - Università degli Studi di Milano/UniMi/1-2/Machine Learning Statistics/unimi-dse-ml-final-project/report.tex:122: Missing } inserted.
<inserted text> 
                }
l.122 ...{Splitting Criteria and Information Gain}
                                                  
I've inserted something that you may have forgotten.
(See the <inserted text> above.)
With luck, this will get me unwedged. But if you
really didn't forget anything, try typing `2' now; then
my insertion and my current dilemma will both disappear.

c:/Users/Mubarak Babslawal/OneDrive - Università degli Studi di Milano/UniMi/1-2/Machine Learning Statistics/unimi-dse-ml-final-project/report.tex:122: Missing } inserted.
<inserted text> 
                }
l.122 ...{Splitting Criteria and Information Gain}
                                                  
I've inserted something that you may have forgotten.
(See the <inserted text> above.)
With luck, this will get me unwedged. But if you
really didn't forget anything, try typing `2' now; then
my insertion and my current dilemma will both disappear.

c:/Users/Mubarak Babslawal/OneDrive - Università degli Studi di Milano/UniMi/1-2/Machine Learning Statistics/unimi-dse-ml-final-project/report.tex:122: Missing $ inserted.
<inserted text> 
                $
l.122 ...{Splitting Criteria and Information Gain}
                                                  
I've inserted a begin-math/end-math symbol since I think
you left one out. Proceed, with fingers crossed.

c:/Users/Mubarak Babslawal/OneDrive - Università degli Studi di Milano/UniMi/1-2/Machine Learning Statistics/unimi-dse-ml-final-project/report.tex:122: Missing } inserted.
<inserted text> 
                }
l.122 ...{Splitting Criteria and Information Gain}
                                                  
I've inserted something that you may have forgotten.
(See the <inserted text> above.)
With luck, this will get me unwedged. But if you
really didn't forget anything, try typing `2' now; then
my insertion and my current dilemma will both disappear.

c:/Users/Mubarak Babslawal/OneDrive - Università degli Studi di Milano/UniMi/1-2/Machine Learning Statistics/unimi-dse-ml-final-project/report.tex:122: Missing } inserted.
<inserted text> 
                }
l.122 ...{Splitting Criteria and Information Gain}
                                                  
I've inserted something that you may have forgotten.
(See the <inserted text> above.)
With luck, this will get me unwedged. But if you
really didn't forget anything, try typing `2' now; then
my insertion and my current dilemma will both disappear.

c:/Users/Mubarak Babslawal/OneDrive - Università degli Studi di Milano/UniMi/1-2/Machine Learning Statistics/unimi-dse-ml-final-project/report.tex:122: Missing } inserted.
<inserted text> 
                }
l.122 ...{Splitting Criteria and Information Gain}
                                                  
I've inserted something that you may have forgotten.
(See the <inserted text> above.)
With luck, this will get me unwedged. But if you
really didn't forget anything, try typing `2' now; then
my insertion and my current dilemma will both disappear.

c:/Users/Mubarak Babslawal/OneDrive - Università degli Studi di Milano/UniMi/1-2/Machine Learning Statistics/unimi-dse-ml-final-project/report.tex:122: Missing $ inserted.
<inserted text> 
                $
l.122 ...{Splitting Criteria and Information Gain}
                                                  
I've inserted a begin-math/end-math symbol since I think
you left one out. Proceed, with fingers crossed.

c:/Users/Mubarak Babslawal/OneDrive - Università degli Studi di Milano/UniMi/1-2/Machine Learning Statistics/unimi-dse-ml-final-project/report.tex:122: Missing } inserted.
<inserted text> 
                }
l.122 ...{Splitting Criteria and Information Gain}
                                                  
I've inserted something that you may have forgotten.
(See the <inserted text> above.)
With luck, this will get me unwedged. But if you
really didn't forget anything, try typing `2' now; then
my insertion and my current dilemma will both disappear.

c:/Users/Mubarak Babslawal/OneDrive - Università degli Studi di Milano/UniMi/1-2/Machine Learning Statistics/unimi-dse-ml-final-project/report.tex:122: Missing } inserted.
<inserted text> 
                }
l.122 ...{Splitting Criteria and Information Gain}
                                                  
I've inserted something that you may have forgotten.
(See the <inserted text> above.)
With luck, this will get me unwedged. But if you
really didn't forget anything, try typing `2' now; then
my insertion and my current dilemma will both disappear.

c:/Users/Mubarak Babslawal/OneDrive - Università degli Studi di Milano/UniMi/1-2/Machine Learning Statistics/unimi-dse-ml-final-project/report.tex:122: Missing } inserted.
<inserted text> 
                }
l.122 ...{Splitting Criteria and Information Gain}
                                                  
I've inserted something that you may have forgotten.
(See the <inserted text> above.)
With luck, this will get me unwedged. But if you
really didn't forget anything, try typing `2' now; then
my insertion and my current dilemma will both disappear.

c:/Users/Mubarak Babslawal/OneDrive - Università degli Studi di Milano/UniMi/1-2/Machine Learning Statistics/unimi-dse-ml-final-project/report.tex:122: Missing $ inserted.
<inserted text> 
                $
l.122 ...{Splitting Criteria and Information Gain}
                                                  
I've inserted a begin-math/end-math symbol since I think
you left one out. Proceed, with fingers crossed.

c:/Users/Mubarak Babslawal/OneDrive - Università degli Studi di Milano/UniMi/1-2/Machine Learning Statistics/unimi-dse-ml-final-project/report.tex:122: Missing } inserted.
<inserted text> 
                }
l.122 ...{Splitting Criteria and Information Gain}
                                                  
I've inserted something that you may have forgotten.
(See the <inserted text> above.)
With luck, this will get me unwedged. But if you
really didn't forget anything, try typing `2' now; then
my insertion and my current dilemma will both disappear.

c:/Users/Mubarak Babslawal/OneDrive - Università degli Studi di Milano/UniMi/1-2/Machine Learning Statistics/unimi-dse-ml-final-project/report.tex:122: Missing } inserted.
<inserted text> 
                }
l.122 ...{Splitting Criteria and Information Gain}
                                                  
I've inserted something that you may have forgotten.
(See the <inserted text> above.)
With luck, this will get me unwedged. But if you
really didn't forget anything, try typing `2' now; then
my insertion and my current dilemma will both disappear.

c:/Users/Mubarak Babslawal/OneDrive - Università degli Studi di Milano/UniMi/1-2/Machine Learning Statistics/unimi-dse-ml-final-project/report.tex:122: Missing } inserted.
<inserted text> 
                }
l.122 ...{Splitting Criteria and Information Gain}
                                                  
I've inserted something that you may have forgotten.
(See the <inserted text> above.)
With luck, this will get me unwedged. But if you
really didn't forget anything, try typing `2' now; then
my insertion and my current dilemma will both disappear.

c:/Users/Mubarak Babslawal/OneDrive - Università degli Studi di Milano/UniMi/1-2/Machine Learning Statistics/unimi-dse-ml-final-project/report.tex:122: Missing $ inserted.
<inserted text> 
                $
l.122 ...{Splitting Criteria and Information Gain}
                                                  
I've inserted a begin-math/end-math symbol since I think
you left one out. Proceed, with fingers crossed.

c:/Users/Mubarak Babslawal/OneDrive - Università degli Studi di Milano/UniMi/1-2/Machine Learning Statistics/unimi-dse-ml-final-project/report.tex:122: Missing } inserted.
<inserted text> 
                }
l.122 ...{Splitting Criteria and Information Gain}
                                                  
I've inserted something that you may have forgotten.
(See the <inserted text> above.)
With luck, this will get me unwedged. But if you
really didn't forget anything, try typing `2' now; then
my insertion and my current dilemma will both disappear.

c:/Users/Mubarak Babslawal/OneDrive - Università degli Studi di Milano/UniMi/1-2/Machine Learning Statistics/unimi-dse-ml-final-project/report.tex:122: Missing { inserted.
<to be read again> 
                   $
l.122 ...{Splitting Criteria and Information Gain}
                                                  
A left brace was mandatory here, so I've put one in.
You might want to delete and/or insert some corrections
so that I will find a matching right brace soon.
(If you're confused by all this, try typing `I}' now.)

c:/Users/Mubarak Babslawal/OneDrive - Università degli Studi di Milano/UniMi/1-2/Machine Learning Statistics/unimi-dse-ml-final-project/report.tex:122: Missing } inserted.
<inserted text> 
                }
l.122 ...{Splitting Criteria and Information Gain}
                                                  
I've inserted something that you may have forgotten.
(See the <inserted text> above.)
With luck, this will get me unwedged. But if you
really didn't forget anything, try typing `2' now; then
my insertion and my current dilemma will both disappear.

c:/Users/Mubarak Babslawal/OneDrive - Università degli Studi di Milano/UniMi/1-2/Machine Learning Statistics/unimi-dse-ml-final-project/report.tex:122: Missing { inserted.
<to be read again> 
                   $
l.122 ...{Splitting Criteria and Information Gain}
                                                  
A left brace was mandatory here, so I've put one in.
You might want to delete and/or insert some corrections
so that I will find a matching right brace soon.
(If you're confused by all this, try typing `I}' now.)

c:/Users/Mubarak Babslawal/OneDrive - Università degli Studi di Milano/UniMi/1-2/Machine Learning Statistics/unimi-dse-ml-final-project/report.tex:122: Missing } inserted.
<inserted text> 
                }
l.122 ...{Splitting Criteria and Information Gain}
                                                  
I've inserted something that you may have forgotten.
(See the <inserted text> above.)
With luck, this will get me unwedged. But if you
really didn't forget anything, try typing `2' now; then
my insertion and my current dilemma will both disappear.

c:/Users/Mubarak Babslawal/OneDrive - Università degli Studi di Milano/UniMi/1-2/Machine Learning Statistics/unimi-dse-ml-final-project/report.tex:122: Missing { inserted.
<to be read again> 
                   $
l.122 ...{Splitting Criteria and Information Gain}
                                                  
A left brace was mandatory here, so I've put one in.
You might want to delete and/or insert some corrections
so that I will find a matching right brace soon.
(If you're confused by all this, try typing `I}' now.)

c:/Users/Mubarak Babslawal/OneDrive - Università degli Studi di Milano/UniMi/1-2/Machine Learning Statistics/unimi-dse-ml-final-project/report.tex:122: Missing } inserted.
<inserted text> 
                }
l.122 ...{Splitting Criteria and Information Gain}
                                                  
I've inserted something that you may have forgotten.
(See the <inserted text> above.)
With luck, this will get me unwedged. But if you
really didn't forget anything, try typing `2' now; then
my insertion and my current dilemma will both disappear.

c:/Users/Mubarak Babslawal/OneDrive - Università degli Studi di Milano/UniMi/1-2/Machine Learning Statistics/unimi-dse-ml-final-project/report.tex:122: Missing } inserted.
<inserted text> 
                }
l.122 ...{Splitting Criteria and Information Gain}
                                                  
I've inserted something that you may have forgotten.
(See the <inserted text> above.)
With luck, this will get me unwedged. But if you
really didn't forget anything, try typing `2' now; then
my insertion and my current dilemma will both disappear.


Overfull \hbox (108.4512pt too wide) in paragraph at lines 90--122
\OT1/cmr/m/n/10 The tree is grown us-ing the \OT1/cmtt/m/n/10 fit() \OT1/cmr/m/n/10 and []\OT1/cmtt/m/n/10 grow$[]\OML/cmm/m/it/10 ree\OT1/cmr/m/n/10 ()\OML/cmm/m/it/10 methods:The[]methodinitializestheprocess; while[]$ 
 []


Overfull \hbox (11.99689pt too wide) in paragraph at lines 123--124
\OT1/cmtt/m/n/10 The core functionality of any decision tree algorithm is determining
 []


Overfull \hbox (3.80693pt too wide) in paragraph at lines 123--124
\OT1/cmtt/m/n/10 how to split the data at each node. The []best[]split() method finds
 []


Overfull \hbox (6.74693pt too wide) in paragraph at lines 123--124
\OT1/cmtt/m/n/10 the optimal split based on the specified criterion, such as entropy
 []

LaTeX Font Info:    Font shape `OT1/cmtt/bx/n' in size <10> not available
(Font)              Font shape `OT1/cmtt/m/n' tried instead on input line 126.

Overfull \hbox (45.59924pt too wide) in paragraph at lines 133--134
[][][][][][][][][][][][][][][][][][][] 
 []


Overfull \hbox (1.49933pt too wide) in paragraph at lines 140--141
[][][][][][][][][][][][][][][][][] 
 []


Overfull \hbox (51.89923pt too wide) in paragraph at lines 148--149
[][][][][][][][][][][][][][][][][][][] 
 []



[2]
Overfull \hbox (58.19922pt too wide) in paragraph at lines 155--156
[][][][][][][][][][][][][][][][][][][][][][][] 
 []


Overfull \hbox (20.39929pt too wide) in paragraph at lines 157--158
[][][][][][][][][][][][][][][][][][][][][][][] 
 []


Overfull \hbox (316.49872pt too wide) in paragraph at lines 159--160
[][][][][][][][][][][][][][][][][][][][][][][][][][][][][][][][][] 
 []


Overfull \hbox (38.24666pt too wide) in paragraph at lines 167--168
\OT1/cmtt/m/n/10 The predict() method traverses the tree from the root to make predictions
 []


Overfull \hbox (32.9967pt too wide) in paragraph at lines 167--168
\OT1/cmtt/m/n/10 on new data. It uses the decision rules stored in the nodes to navigate
 []


Overfull \hbox (6.74693pt too wide) in paragraph at lines 167--168
\OT1/cmtt/m/n/10 through the tree until it reaches a leaf node, where it returns the
 []


Overfull \hbox (77.09918pt too wide) in paragraph at lines 171--173
[][][][][][][][][][][][][][][][][][][][][][][][][][][][][] 
 []


Overfull \hbox (6.74693pt too wide) in paragraph at lines 183--184
\OT1/cmtt/m/n/10 The utils.py file provides several utility functions that assist in
 []


Overfull \hbox (69.74638pt too wide) in paragraph at lines 183--184
\OT1/cmtt/m/n/10 evaluating the performance of the decision tree and tuning its hyperparameters. 
 []


Overfull \hbox (27.74675pt too wide) in paragraph at lines 186--187
\OT1/cmtt/m/n/10 This file contains functions for computing accuracy, recall, precision,
 []


Overfull \hbox (17.24684pt too wide) in paragraph at lines 186--187
\OT1/cmtt/m/n/10 and zero-one loss. These metrics are vital for assessing the model's
 []



[3]
Overfull \hbox (14.0993pt too wide) in paragraph at lines 190--191
[][][][][][][][][][][][][][][][][] 
 []


Overfull \hbox (77.09918pt too wide) in paragraph at lines 199--200
[][][][][][][][][][][][][][][][][] 
 []


Overfull \hbox (83.39917pt too wide) in paragraph at lines 200--201
[][][][][][][][][][][][][][][][][] 
 []


Overfull \hbox (32.99927pt too wide) in paragraph at lines 201--202
[][][][][][][][][][][][][] 
 []


Overfull \hbox (77.09918pt too wide) in paragraph at lines 209--210
[][][][][][][][][][][][][][][][][] 
 []


Overfull \hbox (83.39917pt too wide) in paragraph at lines 210--211
[][][][][][][][][][][][][][][][][] 
 []


Overfull \hbox (51.89923pt too wide) in paragraph at lines 211--212
[][][][][][][][][][][][][] 
 []


Overfull \hbox (56.30647pt too wide) in paragraph at lines 216--217
\OT1/cmtt/m/n/10 The zero[]one[]loss() function computes the error rate, which is the proportion
 []


Overfull \hbox (6.74693pt too wide) in paragraph at lines 216--217
\OT1/cmtt/m/n/10 of incorrect predictions. This metric is useful for training error
 []


Overfull \hbox (14.0993pt too wide) in paragraph at lines 221--222
[][][][][][][][][][][][][][][] 
 []


Overfull \hbox (32.9967pt too wide) in paragraph at lines 226--227
\OT1/cmtt/m/n/10 The tune() function allows for systematic exploration of hyperparameters
 []


Overfull \hbox (48.74657pt too wide) in paragraph at lines 226--227
\OT1/cmtt/m/n/10 to minimize the training error, thereby optimizing the model's performance. 
 []



[4]
Overfull \hbox (17.24684pt too wide) in paragraph at lines 250--251
\OT1/cmtt/m/n/10 The experiments were conducted to analyze the given mushroom dataset,
 []


Overfull \hbox (38.24666pt too wide) in paragraph at lines 250--251
\OT1/cmtt/m/n/10 focusing on various preprocessing and data analysis techniques to improve
 []


Overfull \hbox (59.24648pt too wide) in paragraph at lines 250--251
\OT1/cmtt/m/n/10 model performance and gain insights into the data. The following subsections
 []


Overfull \hbox (32.9967pt too wide) in paragraph at lines 250--251
\OT1/cmtt/m/n/10 provide an in-depth discussion of the methodologies applied, the results
 []


Overfull \hbox (11.99689pt too wide) in paragraph at lines 254--255
\OT1/cmtt/m/n/10 The data preprocessing stage included several critical steps such as
 []


Overfull \hbox (11.99689pt too wide) in paragraph at lines 254--255
\OT1/cmtt/m/n/10 handling missing values, encoding categorical variables, and feature
 []


Overfull \hbox (11.99689pt too wide) in paragraph at lines 254--255
\OT1/cmtt/m/n/10 scaling. These steps were crucial to ensure that the dataset was in
 []


Overfull \hbox (146.39905pt too wide) in paragraph at lines 264--265
[][][][][][][][][][][][][][][][][][] 
 []


Overfull \hbox (21.74693pt too wide) in paragraph at lines 267--268
[]\OT1/cmtt/m/n/10 The dataset underwent extensive cleaning, with particular attention
 []


Overfull \hbox (11.99689pt too wide) in paragraph at lines 267--268
\OT1/cmtt/m/n/10 to the treatment of categorical variables, ensuring that the machine
 []


Overfull \hbox (6.74693pt too wide) in paragraph at lines 267--268
\OT1/cmtt/m/n/10 learning models could efficiently interpret the data (Section 1.2). 
 []


Overfull \hbox (1.49698pt too wide) in paragraph at lines 271--272
\OT1/cmtt/m/n/10 Feature selection played a pivotal role in refining the dataset by
 []


Overfull \hbox (6.74693pt too wide) in paragraph at lines 271--272
\OT1/cmtt/m/n/10 removing irrelevant or redundant features. This step was necessary
 []


Overfull \hbox (17.24684pt too wide) in paragraph at lines 271--272
\OT1/cmtt/m/n/10 to enhance model performance by reducing the complexity of the model,
 []


Overfull \hbox (22.4968pt too wide) in paragraph at lines 271--272
\OT1/cmtt/m/n/10 leading to faster training times and potentially better generalization
 []



[5]
Overfull \hbox (32.99927pt too wide) in paragraph at lines 274--275
[][][][][][][][][][][][][][][][][][][] 
 []


Overfull \hbox (32.99927pt too wide) in paragraph at lines 276--277
[][][][][][][][][][][][][][] 
 []


Overfull \hbox (0.74712pt too wide) in paragraph at lines 279--280
[]\OT1/cmtt/m/n/10 As detailed in Section 2.1, certain features like veil-type and
 []


Overfull \hbox (32.9967pt too wide) in paragraph at lines 279--280
\OT1/cmtt/m/n/10 veil-color were dropped due to their minimal contribution to the model's
 []


Overfull \hbox (22.4968pt too wide) in paragraph at lines 283--284
\OT1/cmtt/m/n/10 Various machine learning models were trained on the preprocessed data,
 []


Overfull \hbox (22.4968pt too wide) in paragraph at lines 283--284
\OT1/cmtt/m/n/10 including decision trees, random forests, and support vector machines.
 []


Overfull \hbox (17.24684pt too wide) in paragraph at lines 283--284
\OT1/cmtt/m/n/10 Each model's performance was evaluated using appropriate metrics such
 []


Overfull \hbox (215.69891pt too wide) in paragraph at lines 290--291
[][][][][][][][][][][][][][][][][][][][][][][][][][][][] 
 []


Overfull \hbox (64.4992pt too wide) in paragraph at lines 291--292
[][][][][][][][][][][][][] 
 []


Overfull \hbox (16.49698pt too wide) in paragraph at lines 297--298
[]\OT1/cmtt/m/n/10 The results, as shown in Section 3.2, demonstrated that the random
 []


Overfull \hbox (22.4968pt too wide) in paragraph at lines 297--298
\OT1/cmtt/m/n/10 forest model achieved the highest accuracy, indicating its suitability
 []


Overfull \hbox (43.49661pt too wide) in paragraph at lines 301--302
\OT1/cmtt/m/n/10 Hyperparameter tuning was performed to optimize model performance further.
 []


Overfull \hbox (22.4968pt too wide) in paragraph at lines 301--302
\OT1/cmtt/m/n/10 This process involved adjusting parameters such as the number of trees
 []


Overfull \hbox (6.74693pt too wide) in paragraph at lines 301--302
\OT1/cmtt/m/n/10 in the random forest or the kernel type in support vector machines. 
 []



[6]
Overfull \hbox (247.19885pt too wide) in paragraph at lines 312--313
[][][][][][][][][][][][][][][][][][][][][][][][][][] 
 []


Overfull \hbox (0.74712pt too wide) in paragraph at lines 317--318
[]\OT1/cmtt/m/n/10 The tuned models showed significant improvements in performance
 []


Overfull \hbox (27.74675pt too wide) in paragraph at lines 317--318
\OT1/cmtt/m/n/10 (Section 4.1), underscoring the importance of fine-tuning for achieving
 []


Overfull \hbox (38.24666pt too wide) in paragraph at lines 321--322
\OT1/cmtt/m/n/10 A comparative analysis of the different models was conducted to determine
 []


Overfull \hbox (22.4968pt too wide) in paragraph at lines 321--322
\OT1/cmtt/m/n/10 the most effective approach for this dataset. The random forest model
 []


Overfull \hbox (59.24648pt too wide) in paragraph at lines 321--322
\OT1/cmtt/m/n/10 consistently outperformed others in terms of both accuracy and generalization
 []


Overfull \hbox (17.24684pt too wide) in paragraph at lines 321--322
\OT1/cmtt/m/n/10 capabilities, making it the preferred choice for the final deployment
 []


Overfull \hbox (51.89923pt too wide) in paragraph at lines 337--338
[][][][][][][][][][][][][][][][][][][][][][][][] 
 []


Overfull \hbox (48.74657pt too wide) in paragraph at lines 342--343
\OT1/cmtt/m/n/10 The experiments demonstrated that careful preprocessing, feature selection,
 []


Overfull \hbox (17.24684pt too wide) in paragraph at lines 342--343
\OT1/cmtt/m/n/10 and model tuning are essential for achieving high-performance machine
 []


Overfull \hbox (6.74693pt too wide) in paragraph at lines 342--343
\OT1/cmtt/m/n/10 learning models. The random forest model, in particular, stood out
 []


Overfull \hbox (32.9967pt too wide) in paragraph at lines 342--343
\OT1/cmtt/m/n/10 for its robust performance, making it well-suited for the classification
 []



[7] (./report.aux)
 ***********
LaTeX2e <2024-06-01> patch level 2
L3 programming layer <2024-07-20>
 ***********


LaTeX Warning: Label(s) may have changed. Rerun to get cross-references right.

 )
(\end occurred inside a group at level 1)

### simple group (level 1) entered at line 90 ({)
### bottom level 
Here is how much of TeX's memory you used:
 4522 strings out of 473579
 64345 string characters out of 5732263
 1972960 words of memory out of 5000000
 27402 multiletter control sequences out of 15000+600000
 563505 words of font info for 58 fonts, out of 8000000 for 9000
 1141 hyphenation exceptions out of 8191
 57i,20n,65p,514b,1665s stack positions out of 10000i,1000n,20000p,200000b,200000s
<c:/texlive/2024/texmf-dist/fonts/type1/public/amsfonts/cm/cmbx10.pfb><c:/texlive/2024/texmf-dist/fonts/type1/public/amsfonts/cm/cmbx12.pfb><c:/texlive/2024/texmf-dist/fonts/type1/public/amsfonts/cm/cmitt10.pfb><c:/texlive/2024/texmf-dist/fonts/type1/public/amsfonts/cm/cmmi10.pfb><c:/texlive/2024/texmf-dist/fonts/type1/public/amsfonts/cm/cmmi7.pfb><c:/texlive/2024/texmf-dist/fonts/type1/public/amsfonts/cm/cmr10.pfb><c:/texlive/2024/texmf-dist/fonts/type1/public/amsfonts/cm/cmr12.pfb><c:/texlive/2024/texmf-dist/fonts/type1/public/amsfonts/cm/cmtt10.pfb><c:/texlive/2024/texmf-dist/fonts/type1/public/cm-super/sfrm1000.pfb>
Output written on report.pdf (8 pages, 138323 bytes).
PDF statistics:
 77 PDF objects out of 1000 (max. 8388607)
 48 compressed objects within 1 object stream
 0 named destinations out of 1000 (max. 500000)
 1 words of extra memory for PDF output out of 10000 (max. 10000000)

